# JRE version: OpenJDK Runtime Environment (17.0.6) (build 17.0.6+0-b2043.56-10027231)
# Java VM: OpenJDK 64-Bit Server VM (17.0.6+0-b2043.56-10027231, mixed mode, tiered, compressed oops, compressed class ptrs, g1 gc, windows-amd64)
GC Precious Log:
 CPUs: 8 total, 8 available
 Memory: 8029M
 Large Page Support: Disabled
 NUMA Support: Disabled
 Compressed Oops: Enabled (32-bit)
 Heap Region Size: 1M
 Heap Min Capacity: 8M
 Heap Initial Capacity: 126M
 Heap Max Capacity: 2G
 Pre-touch: Disabled
 Parallel Workers: 8
 Concurrent Workers: 2
 Concurrent Refinement Workers: 8
 Periodic GC: Disabled
Heap:
 garbage-first heap   total 89088K, used 55811K [0x0000000080000000, 0x0000000100000000)
  region size 1024K, 8 young (8192K), 2 survivors (2048K)
 Metaspace       used 59923K, committed 60416K, reserved 1105920K
  class space    used 7843K, committed 8064K, reserved 1048576K
GC Heap History (20 events):
Event: 6.268 GC heap before
{Heap before GC invocations=14 (full 0):
 garbage-first heap   total 68608K, used 52858K [0x0000000080000000, 0x0000000100000000)
  region size 1024K, 20 young (20480K), 2 survivors (2048K)
 Metaspace       used 48641K, committed 49088K, reserved 1097728K
  class space    used 6446K, committed 6656K, reserved 1048576K
}
Event: 6.271 GC heap after
{Heap after GC invocations=15 (full 0):
 garbage-first heap   total 68608K, used 35080K [0x0000000080000000, 0x0000000100000000)
  region size 1024K, 2 young (2048K), 2 survivors (2048K)
 Metaspace       used 48641K, committed 49088K, reserved 1097728K
  class space    used 6446K, committed 6656K, reserved 1048576K
}
Event: 7.451 GC heap before
{Heap before GC invocations=15 (full 0):
 garbage-first heap   total 68608K, used 54536K [0x0000000080000000, 0x0000000100000000)
  region size 1024K, 21 young (21504K), 2 survivors (2048K)
 Metaspace       used 50976K, committed 51456K, reserved 1097728K
  class space    used 6763K, committed 6976K, reserved 1048576K
}
Event: 7.454 GC heap after
{Heap after GC invocations=16 (full 0):
 garbage-first heap   total 68608K, used 36540K [0x0000000080000000, 0x0000000100000000)
  region size 1024K, 3 young (3072K), 3 survivors (3072K)
 Metaspace       used 50976K, committed 51456K, reserved 1097728K
  class space    used 6763K, committed 6976K, reserved 1048576K
}
Event: 9.193 GC heap before
{Heap before GC invocations=17 (full 0):
 garbage-first heap   total 68608K, used 54972K [0x0000000080000000, 0x0000000100000000)
  region size 1024K, 21 young (21504K), 3 survivors (3072K)
 Metaspace       used 51565K, committed 52032K, reserved 1097728K
  class space    used 6811K, committed 6976K, reserved 1048576K
}
Event: 9.197 GC heap after
{Heap after GC invocations=18 (full 0):
 garbage-first heap   total 68608K, used 39809K [0x0000000080000000, 0x0000000100000000)
  region size 1024K, 3 young (3072K), 3 survivors (3072K)
 Metaspace       used 51565K, committed 52032K, reserved 1097728K
  class space    used 6811K, committed 6976K, reserved 1048576K
}
Event: 9.859 GC heap before
{Heap before GC invocations=18 (full 0):
 garbage-first heap   total 68608K, used 48001K [0x0000000080000000, 0x0000000100000000)
  region size 1024K, 13 young (13312K), 3 survivors (3072K)
 Metaspace       used 51872K, committed 52352K, reserved 1097728K
  class space    used 6852K, committed 7040K, reserved 1048576K
}
Event: 9.862 GC heap after
{Heap after GC invocations=19 (full 0):
 garbage-first heap   total 68608K, used 41693K [0x0000000080000000, 0x0000000100000000)
  region size 1024K, 3 young (3072K), 3 survivors (3072K)
 Metaspace       used 51872K, committed 52352K, reserved 1097728K
  class space    used 6852K, committed 7040K, reserved 1048576K
}
Event: 10.495 GC heap before
{Heap before GC invocations=20 (full 0):
 garbage-first heap   total 76800K, used 57053K [0x0000000080000000, 0x0000000100000000)
  region size 1024K, 15 young (15360K), 3 survivors (3072K)
 Metaspace       used 52694K, committed 53184K, reserved 1097728K
  class space    used 6953K, committed 7168K, reserved 1048576K
}
Event: 10.498 GC heap after
{Heap after GC invocations=21 (full 0):
 garbage-first heap   total 76800K, used 49810K [0x0000000080000000, 0x0000000100000000)
  region size 1024K, 2 young (2048K), 2 survivors (2048K)
 Metaspace       used 52694K, committed 53184K, reserved 1097728K
  class space    used 6953K, committed 7168K, reserved 1048576K
}
Event: 10.546 GC heap before
{Heap before GC invocations=21 (full 0):
 garbage-first heap   total 76800K, used 50834K [0x0000000080000000, 0x0000000100000000)
  region size 1024K, 3 young (3072K), 2 survivors (2048K)
 Metaspace       used 52838K, committed 53312K, reserved 1097728K
  class space    used 6964K, committed 7168K, reserved 1048576K
}
Event: 10.549 GC heap after
{Heap after GC invocations=22 (full 0):
 garbage-first heap   total 76800K, used 49830K [0x0000000080000000, 0x0000000100000000)
  region size 1024K, 1 young (1024K), 1 survivors (1024K)
 Metaspace       used 52838K, committed 53312K, reserved 1097728K
  class space    used 6964K, committed 7168K, reserved 1048576K
}
Event: 10.857 GC heap before
{Heap before GC invocations=22 (full 0):
 garbage-first heap   total 76800K, used 59046K [0x0000000080000000, 0x0000000100000000)
  region size 1024K, 10 young (10240K), 1 survivors (1024K)
 Metaspace       used 53989K, committed 54464K, reserved 1097728K
  class space    used 7141K, committed 7360K, reserved 1048576K
}
Event: 10.863 GC heap after
{Heap after GC invocations=23 (full 0):
 garbage-first heap   total 76800K, used 50124K [0x0000000080000000, 0x0000000100000000)
  region size 1024K, 1 young (1024K), 1 survivors (1024K)
 Metaspace       used 53989K, committed 54464K, reserved 1097728K
  class space    used 7141K, committed 7360K, reserved 1048576K
}
Event: 11.428 GC heap before
{Heap before GC invocations=24 (full 0):
 garbage-first heap   total 87040K, used 60364K [0x0000000080000000, 0x0000000100000000)
  region size 1024K, 11 young (11264K), 1 survivors (1024K)
 Metaspace       used 55439K, committed 55872K, reserved 1097728K
  class space    used 7357K, committed 7552K, reserved 1048576K
}
Event: 11.430 GC heap after
{Heap after GC invocations=25 (full 0):
 garbage-first heap   total 87040K, used 50570K [0x0000000080000000, 0x0000000100000000)
  region size 1024K, 1 young (1024K), 1 survivors (1024K)
 Metaspace       used 55439K, committed 55872K, reserved 1097728K
  class space    used 7357K, committed 7552K, reserved 1048576K
}
Event: 11.569 GC heap before
{Heap before GC invocations=25 (full 0):
 garbage-first heap   total 87040K, used 53642K [0x0000000080000000, 0x0000000100000000)
  region size 1024K, 4 young (4096K), 1 survivors (1024K)
 Metaspace       used 56020K, committed 56512K, reserved 1105920K
  class space    used 7397K, committed 7616K, reserved 1048576K
}
Event: 11.572 GC heap after
{Heap after GC invocations=26 (full 0):
 garbage-first heap   total 87040K, used 50136K [0x0000000080000000, 0x0000000100000000)
  region size 1024K, 1 young (1024K), 1 survivors (1024K)
 Metaspace       used 56020K, committed 56512K, reserved 1105920K
  class space    used 7397K, committed 7616K, reserved 1048576K
}
Event: 12.383 GC heap before
{Heap before GC invocations=26 (full 0):
 garbage-first heap   total 87040K, used 66520K [0x0000000080000000, 0x0000000100000000)
  region size 1024K, 18 young (18432K), 1 survivors (1024K)
 Metaspace       used 59177K, committed 59712K, reserved 1105920K
  class space    used 7752K, committed 8000K, reserved 1048576K
}
Event: 12.393 GC heap after
{Heap after GC invocations=27 (full 0):
 garbage-first heap   total 87040K, used 50691K [0x0000000080000000, 0x0000000100000000)
  region size 1024K, 2 young (2048K), 2 survivors (2048K)
 Metaspace       used 59177K, committed 59712K, reserved 1105920K
  class space    used 7752K, committed 8000K, reserved 1048576K
}

